
> rest-express@1.0.0 check
> tsc

client/src/portals/CustomerPortal.tsx(589,78): error TS2322: Type '{ children: string; defaultSelected: true; }' is not assignable to type 'DetailedHTMLProps<OptionHTMLAttributes<HTMLOptionElement>, HTMLOptionElement>'.
  Property 'defaultSelected' does not exist on type 'DetailedHTMLProps<OptionHTMLAttributes<HTMLOptionElement>, HTMLOptionElement>'.
client/src/portals/CustomerPortal.tsx(603,83): error TS2322: Type '{ children: string; defaultSelected: true; }' is not assignable to type 'DetailedHTMLProps<OptionHTMLAttributes<HTMLOptionElement>, HTMLOptionElement>'.
  Property 'defaultSelected' does not exist on type 'DetailedHTMLProps<OptionHTMLAttributes<HTMLOptionElement>, HTMLOptionElement>'.
client/src/portals/CustomerPortal.tsx(604,90): error TS2322: Type '{ children: string; defaultSelected: true; }' is not assignable to type 'DetailedHTMLProps<OptionHTMLAttributes<HTMLOptionElement>, HTMLOptionElement>'.
  Property 'defaultSelected' does not exist on type 'DetailedHTMLProps<OptionHTMLAttributes<HTMLOptionElement>, HTMLOptionElement>'.
client/src/portals/CustomerPortal.tsx(605,89): error TS2322: Type '{ children: string; defaultSelected: true; }' is not assignable to type 'DetailedHTMLProps<OptionHTMLAttributes<HTMLOptionElement>, HTMLOptionElement>'.
  Property 'defaultSelected' does not exist on type 'DetailedHTMLProps<OptionHTMLAttributes<HTMLOptionElement>, HTMLOptionElement>'.
client/src/portals/CustomerPortal.tsx(606,88): error TS2322: Type '{ children: string; defaultSelected: true; }' is not assignable to type 'DetailedHTMLProps<OptionHTMLAttributes<HTMLOptionElement>, HTMLOptionElement>'.
  Property 'defaultSelected' does not exist on type 'DetailedHTMLProps<OptionHTMLAttributes<HTMLOptionElement>, HTMLOptionElement>'.
client/src/portals/DealerPortal.tsx(550,749): error TS2322: Type '{ children: string; defaultSelected: true; }' is not assignable to type 'DetailedHTMLProps<OptionHTMLAttributes<HTMLOptionElement>, HTMLOptionElement>'.
  Property 'defaultSelected' does not exist on type 'DetailedHTMLProps<OptionHTMLAttributes<HTMLOptionElement>, HTMLOptionElement>'.
client/src/portals/DealerPortal.tsx(824,78): error TS2322: Type '{ children: string; defaultSelected: true; }' is not assignable to type 'DetailedHTMLProps<OptionHTMLAttributes<HTMLOptionElement>, HTMLOptionElement>'.
  Property 'defaultSelected' does not exist on type 'DetailedHTMLProps<OptionHTMLAttributes<HTMLOptionElement>, HTMLOptionElement>'.
client/src/portals/DealerPortal.tsx(825,78): error TS2322: Type '{ children: string; defaultSelected: true; }' is not assignable to type 'DetailedHTMLProps<OptionHTMLAttributes<HTMLOptionElement>, HTMLOptionElement>'.
  Property 'defaultSelected' does not exist on type 'DetailedHTMLProps<OptionHTMLAttributes<HTMLOptionElement>, HTMLOptionElement>'.
client/src/portals/DealerPortal.tsx(826,81): error TS2322: Type '{ children: string; defaultSelected: true; }' is not assignable to type 'DetailedHTMLProps<OptionHTMLAttributes<HTMLOptionElement>, HTMLOptionElement>'.
  Property 'defaultSelected' does not exist on type 'DetailedHTMLProps<OptionHTMLAttributes<HTMLOptionElement>, HTMLOptionElement>'.
client/src/portals/DealerPortal.tsx(866,78): error TS2322: Type '{ children: string; defaultSelected: true; }' is not assignable to type 'DetailedHTMLProps<OptionHTMLAttributes<HTMLOptionElement>, HTMLOptionElement>'.
  Property 'defaultSelected' does not exist on type 'DetailedHTMLProps<OptionHTMLAttributes<HTMLOptionElement>, HTMLOptionElement>'.
client/src/portals/DealerPortal.tsx(868,77): error TS2322: Type '{ children: string; defaultSelected: true; }' is not assignable to type 'DetailedHTMLProps<OptionHTMLAttributes<HTMLOptionElement>, HTMLOptionElement>'.
  Property 'defaultSelected' does not exist on type 'DetailedHTMLProps<OptionHTMLAttributes<HTMLOptionElement>, HTMLOptionElement>'.
client/src/portals/DealerPortal.tsx(919,90): error TS2322: Type '{ children: string; defaultSelected: true; }' is not assignable to type 'DetailedHTMLProps<OptionHTMLAttributes<HTMLOptionElement>, HTMLOptionElement>'.
  Property 'defaultSelected' does not exist on type 'DetailedHTMLProps<OptionHTMLAttributes<HTMLOptionElement>, HTMLOptionElement>'.
client/src/portals/DealerPortal.tsx(920,87): error TS2322: Type '{ children: string; defaultSelected: true; }' is not assignable to type 'DetailedHTMLProps<OptionHTMLAttributes<HTMLOptionElement>, HTMLOptionElement>'.
  Property 'defaultSelected' does not exist on type 'DetailedHTMLProps<OptionHTMLAttributes<HTMLOptionElement>, HTMLOptionElement>'.
client/src/portals/DealerPortal.tsx(921,87): error TS2322: Type '{ children: string; defaultSelected: true; }' is not assignable to type 'DetailedHTMLProps<OptionHTMLAttributes<HTMLOptionElement>, HTMLOptionElement>'.
  Property 'defaultSelected' does not exist on type 'DetailedHTMLProps<OptionHTMLAttributes<HTMLOptionElement>, HTMLOptionElement>'.
client/src/portals/DealerPortal.tsx(922,89): error TS2322: Type '{ children: string; defaultSelected: true; }' is not assignable to type 'DetailedHTMLProps<OptionHTMLAttributes<HTMLOptionElement>, HTMLOptionElement>'.
  Property 'defaultSelected' does not exist on type 'DetailedHTMLProps<OptionHTMLAttributes<HTMLOptionElement>, HTMLOptionElement>'.
client/src/portals/DealerPortal.tsx(923,89): error TS2322: Type '{ children: string; defaultSelected: true; }' is not assignable to type 'DetailedHTMLProps<OptionHTMLAttributes<HTMLOptionElement>, HTMLOptionElement>'.
  Property 'defaultSelected' does not exist on type 'DetailedHTMLProps<OptionHTMLAttributes<HTMLOptionElement>, HTMLOptionElement>'.
client/src/portals/DealerPortal.tsx(924,121): error TS2322: Type '{ children: string; defaultSelected: true; }' is not assignable to type 'DetailedHTMLProps<OptionHTMLAttributes<HTMLOptionElement>, HTMLOptionElement>'.
  Property 'defaultSelected' does not exist on type 'DetailedHTMLProps<OptionHTMLAttributes<HTMLOptionElement>, HTMLOptionElement>'.
client/src/portals/DealerPortal.tsx(925,95): error TS2322: Type '{ children: string; defaultSelected: true; }' is not assignable to type 'DetailedHTMLProps<OptionHTMLAttributes<HTMLOptionElement>, HTMLOptionElement>'.
  Property 'defaultSelected' does not exist on type 'DetailedHTMLProps<OptionHTMLAttributes<HTMLOptionElement>, HTMLOptionElement>'.
client/src/portals/DealerPortal.tsx(926,123): error TS2322: Type '{ children: string; defaultSelected: true; }' is not assignable to type 'DetailedHTMLProps<OptionHTMLAttributes<HTMLOptionElement>, HTMLOptionElement>'.
  Property 'defaultSelected' does not exist on type 'DetailedHTMLProps<OptionHTMLAttributes<HTMLOptionElement>, HTMLOptionElement>'.
client/src/portals/DealerPortal.tsx(1012,112): error TS2322: Type '{ children: string; defaultSelected: true; }' is not assignable to type 'DetailedHTMLProps<OptionHTMLAttributes<HTMLOptionElement>, HTMLOptionElement>'.
  Property 'defaultSelected' does not exist on type 'DetailedHTMLProps<OptionHTMLAttributes<HTMLOptionElement>, HTMLOptionElement>'.
client/src/portals/OperatorPortal.tsx(935,610): error TS2322: Type '{ children: string; defaultSelected: true; }' is not assignable to type 'DetailedHTMLProps<OptionHTMLAttributes<HTMLOptionElement>, HTMLOptionElement>'.
  Property 'defaultSelected' does not exist on type 'DetailedHTMLProps<OptionHTMLAttributes<HTMLOptionElement>, HTMLOptionElement>'.
client/src/portals/OperatorPortal.tsx(935,886): error TS2322: Type '{ children: string; defaultSelected: true; }' is not assignable to type 'DetailedHTMLProps<OptionHTMLAttributes<HTMLOptionElement>, HTMLOptionElement>'.
  Property 'defaultSelected' does not exist on type 'DetailedHTMLProps<OptionHTMLAttributes<HTMLOptionElement>, HTMLOptionElement>'.
client/src/portals/OperatorPortal.tsx(935,1225): error TS2322: Type '{ children: string; defaultSelected: true; }' is not assignable to type 'DetailedHTMLProps<OptionHTMLAttributes<HTMLOptionElement>, HTMLOptionElement>'.
  Property 'defaultSelected' does not exist on type 'DetailedHTMLProps<OptionHTMLAttributes<HTMLOptionElement>, HTMLOptionElement>'.
client/src/portals/OperatorPortal.tsx(1058,103): error TS2322: Type '{ children: string; defaultSelected: true; }' is not assignable to type 'DetailedHTMLProps<OptionHTMLAttributes<HTMLOptionElement>, HTMLOptionElement>'.
  Property 'defaultSelected' does not exist on type 'DetailedHTMLProps<OptionHTMLAttributes<HTMLOptionElement>, HTMLOptionElement>'.
client/src/portals/OperatorPortal.tsx(1145,112): error TS2322: Type '{ children: string; defaultSelected: true; }' is not assignable to type 'DetailedHTMLProps<OptionHTMLAttributes<HTMLOptionElement>, HTMLOptionElement>'.
  Property 'defaultSelected' does not exist on type 'DetailedHTMLProps<OptionHTMLAttributes<HTMLOptionElement>, HTMLOptionElement>'.
client/src/portals/OperatorPortal.tsx(1268,329): error TS2322: Type '{ children: string; defaultSelected: true; }' is not assignable to type 'DetailedHTMLProps<OptionHTMLAttributes<HTMLOptionElement>, HTMLOptionElement>'.
  Property 'defaultSelected' does not exist on type 'DetailedHTMLProps<OptionHTMLAttributes<HTMLOptionElement>, HTMLOptionElement>'.
client/src/portals/OperatorPortal.tsx(1299,51): error TS2322: Type '{ children: string; defaultSelected: true; }' is not assignable to type 'DetailedHTMLProps<OptionHTMLAttributes<HTMLOptionElement>, HTMLOptionElement>'.
  Property 'defaultSelected' does not exist on type 'DetailedHTMLProps<OptionHTMLAttributes<HTMLOptionElement>, HTMLOptionElement>'.
client/src/portals/OperatorPortal.tsx(1308,193): error TS2322: Type '{ children: string; defaultSelected: true; }' is not assignable to type 'DetailedHTMLProps<OptionHTMLAttributes<HTMLOptionElement>, HTMLOptionElement>'.
  Property 'defaultSelected' does not exist on type 'DetailedHTMLProps<OptionHTMLAttributes<HTMLOptionElement>, HTMLOptionElement>'.
client/src/portals/OperatorPortal.tsx(1336,337): error TS2322: Type '{ children: string; defaultSelected: true; }' is not assignable to type 'DetailedHTMLProps<OptionHTMLAttributes<HTMLOptionElement>, HTMLOptionElement>'.
  Property 'defaultSelected' does not exist on type 'DetailedHTMLProps<OptionHTMLAttributes<HTMLOptionElement>, HTMLOptionElement>'.
client/src/portals/OperatorPortal.tsx(1457,67): error TS2322: Type '{ children: string; defaultSelected: true; }' is not assignable to type 'DetailedHTMLProps<OptionHTMLAttributes<HTMLOptionElement>, HTMLOptionElement>'.
  Property 'defaultSelected' does not exist on type 'DetailedHTMLProps<OptionHTMLAttributes<HTMLOptionElement>, HTMLOptionElement>'.
client/src/portals/OperatorPortal.tsx(1468,72): error TS2322: Type '{ children: string; defaultSelected: true; }' is not assignable to type 'DetailedHTMLProps<OptionHTMLAttributes<HTMLOptionElement>, HTMLOptionElement>'.
  Property 'defaultSelected' does not exist on type 'DetailedHTMLProps<OptionHTMLAttributes<HTMLOptionElement>, HTMLOptionElement>'.
client/src/portals/OperatorPortal.tsx(1470,76): error TS2322: Type '{ children: string; defaultSelected: true; }' is not assignable to type 'DetailedHTMLProps<OptionHTMLAttributes<HTMLOptionElement>, HTMLOptionElement>'.
  Property 'defaultSelected' does not exist on type 'DetailedHTMLProps<OptionHTMLAttributes<HTMLOptionElement>, HTMLOptionElement>'.
client/src/portals/OperatorPortal.tsx(1471,106): error TS2322: Type '{ children: string; defaultSelected: true; }' is not assignable to type 'DetailedHTMLProps<OptionHTMLAttributes<HTMLOptionElement>, HTMLOptionElement>'.
  Property 'defaultSelected' does not exist on type 'DetailedHTMLProps<OptionHTMLAttributes<HTMLOptionElement>, HTMLOptionElement>'.
client/src/portals/OperatorPortal.tsx(1472,67): error TS2322: Type '{ children: string; defaultSelected: true; }' is not assignable to type 'DetailedHTMLProps<OptionHTMLAttributes<HTMLOptionElement>, HTMLOptionElement>'.
  Property 'defaultSelected' does not exist on type 'DetailedHTMLProps<OptionHTMLAttributes<HTMLOptionElement>, HTMLOptionElement>'.
client/src/portals/OperatorPortal.tsx(1474,70): error TS2322: Type '{ children: string; defaultSelected: true; }' is not assignable to type 'DetailedHTMLProps<OptionHTMLAttributes<HTMLOptionElement>, HTMLOptionElement>'.
  Property 'defaultSelected' does not exist on type 'DetailedHTMLProps<OptionHTMLAttributes<HTMLOptionElement>, HTMLOptionElement>'.
client/src/portals/OperatorPortal.tsx(1508,78): error TS2322: Type '{ children: string; defaultSelected: true; }' is not assignable to type 'DetailedHTMLProps<OptionHTMLAttributes<HTMLOptionElement>, HTMLOptionElement>'.
  Property 'defaultSelected' does not exist on type 'DetailedHTMLProps<OptionHTMLAttributes<HTMLOptionElement>, HTMLOptionElement>'.
client/src/portals/OperatorPortal.tsx(1519,76): error TS2322: Type '{ children: string; defaultSelected: true; }' is not assignable to type 'DetailedHTMLProps<OptionHTMLAttributes<HTMLOptionElement>, HTMLOptionElement>'.
  Property 'defaultSelected' does not exist on type 'DetailedHTMLProps<OptionHTMLAttributes<HTMLOptionElement>, HTMLOptionElement>'.
client/src/portals/OperatorPortal.tsx(1520,76): error TS2322: Type '{ children: string; defaultSelected: true; }' is not assignable to type 'DetailedHTMLProps<OptionHTMLAttributes<HTMLOptionElement>, HTMLOptionElement>'.
  Property 'defaultSelected' does not exist on type 'DetailedHTMLProps<OptionHTMLAttributes<HTMLOptionElement>, HTMLOptionElement>'.
client/src/portals/OperatorPortal.tsx(1528,84): error TS2322: Type '{ children: string; defaultSelected: true; }' is not assignable to type 'DetailedHTMLProps<OptionHTMLAttributes<HTMLOptionElement>, HTMLOptionElement>'.
  Property 'defaultSelected' does not exist on type 'DetailedHTMLProps<OptionHTMLAttributes<HTMLOptionElement>, HTMLOptionElement>'.
client/src/portals/OperatorPortal.tsx(1536,83): error TS2322: Type '{ children: string; defaultSelected: true; }' is not assignable to type 'DetailedHTMLProps<OptionHTMLAttributes<HTMLOptionElement>, HTMLOptionElement>'.
  Property 'defaultSelected' does not exist on type 'DetailedHTMLProps<OptionHTMLAttributes<HTMLOptionElement>, HTMLOptionElement>'.
client/src/portals/OperatorPortal.tsx(1537,86): error TS2322: Type '{ children: string; defaultSelected: true; }' is not assignable to type 'DetailedHTMLProps<OptionHTMLAttributes<HTMLOptionElement>, HTMLOptionElement>'.
  Property 'defaultSelected' does not exist on type 'DetailedHTMLProps<OptionHTMLAttributes<HTMLOptionElement>, HTMLOptionElement>'.
client/src/portals/OperatorPortal.tsx(1545,84): error TS2322: Type '{ children: string; defaultSelected: true; }' is not assignable to type 'DetailedHTMLProps<OptionHTMLAttributes<HTMLOptionElement>, HTMLOptionElement>'.
  Property 'defaultSelected' does not exist on type 'DetailedHTMLProps<OptionHTMLAttributes<HTMLOptionElement>, HTMLOptionElement>'.
client/src/portals/OperatorPortal.tsx(1548,85): error TS2322: Type '{ children: string; defaultSelected: true; }' is not assignable to type 'DetailedHTMLProps<OptionHTMLAttributes<HTMLOptionElement>, HTMLOptionElement>'.
  Property 'defaultSelected' does not exist on type 'DetailedHTMLProps<OptionHTMLAttributes<HTMLOptionElement>, HTMLOptionElement>'.
client/src/portals/OperatorPortal.tsx(1549,105): error TS2322: Type '{ children: string; defaultSelected: true; }' is not assignable to type 'DetailedHTMLProps<OptionHTMLAttributes<HTMLOptionElement>, HTMLOptionElement>'.
  Property 'defaultSelected' does not exist on type 'DetailedHTMLProps<OptionHTMLAttributes<HTMLOptionElement>, HTMLOptionElement>'.
client/src/portals/OperatorPortal.tsx(1551,90): error TS2322: Type '{ children: string; defaultSelected: true; }' is not assignable to type 'DetailedHTMLProps<OptionHTMLAttributes<HTMLOptionElement>, HTMLOptionElement>'.
  Property 'defaultSelected' does not exist on type 'DetailedHTMLProps<OptionHTMLAttributes<HTMLOptionElement>, HTMLOptionElement>'.
client/src/portals/OperatorPortal.tsx(1555,116): error TS2322: Type '{ children: string; defaultSelected: true; }' is not assignable to type 'DetailedHTMLProps<OptionHTMLAttributes<HTMLOptionElement>, HTMLOptionElement>'.
  Property 'defaultSelected' does not exist on type 'DetailedHTMLProps<OptionHTMLAttributes<HTMLOptionElement>, HTMLOptionElement>'.
client/src/portals/OperatorPortal.tsx(1556,84): error TS2322: Type '{ children: string; defaultSelected: true; }' is not assignable to type 'DetailedHTMLProps<OptionHTMLAttributes<HTMLOptionElement>, HTMLOptionElement>'.
  Property 'defaultSelected' does not exist on type 'DetailedHTMLProps<OptionHTMLAttributes<HTMLOptionElement>, HTMLOptionElement>'.
client/src/portals/OperatorPortal.tsx(1563,92): error TS2322: Type '{ children: string; defaultSelected: true; }' is not assignable to type 'DetailedHTMLProps<OptionHTMLAttributes<HTMLOptionElement>, HTMLOptionElement>'.
  Property 'defaultSelected' does not exist on type 'DetailedHTMLProps<OptionHTMLAttributes<HTMLOptionElement>, HTMLOptionElement>'.
client/src/portals/OperatorPortal.tsx(1564,88): error TS2322: Type '{ children: string; defaultSelected: true; }' is not assignable to type 'DetailedHTMLProps<OptionHTMLAttributes<HTMLOptionElement>, HTMLOptionElement>'.
  Property 'defaultSelected' does not exist on type 'DetailedHTMLProps<OptionHTMLAttributes<HTMLOptionElement>, HTMLOptionElement>'.
client/src/portals/OperatorPortal.tsx(1565,85): error TS2322: Type '{ children: string; defaultSelected: true; }' is not assignable to type 'DetailedHTMLProps<OptionHTMLAttributes<HTMLOptionElement>, HTMLOptionElement>'.
  Property 'defaultSelected' does not exist on type 'DetailedHTMLProps<OptionHTMLAttributes<HTMLOptionElement>, HTMLOptionElement>'.
client/src/portals/OperatorPortal.tsx(1566,113): error TS2322: Type '{ children: string; defaultSelected: true; }' is not assignable to type 'DetailedHTMLProps<OptionHTMLAttributes<HTMLOptionElement>, HTMLOptionElement>'.
  Property 'defaultSelected' does not exist on type 'DetailedHTMLProps<OptionHTMLAttributes<HTMLOptionElement>, HTMLOptionElement>'.
client/src/portals/OperatorPortal.tsx(1567,85): error TS2322: Type '{ children: string; defaultSelected: true; }' is not assignable to type 'DetailedHTMLProps<OptionHTMLAttributes<HTMLOptionElement>, HTMLOptionElement>'.
  Property 'defaultSelected' does not exist on type 'DetailedHTMLProps<OptionHTMLAttributes<HTMLOptionElement>, HTMLOptionElement>'.
client/src/portals/OperatorPortal.tsx(1568,93): error TS2322: Type '{ children: string; defaultSelected: true; }' is not assignable to type 'DetailedHTMLProps<OptionHTMLAttributes<HTMLOptionElement>, HTMLOptionElement>'.
  Property 'defaultSelected' does not exist on type 'DetailedHTMLProps<OptionHTMLAttributes<HTMLOptionElement>, HTMLOptionElement>'.
client/src/portals/OperatorPortal.tsx(1570,87): error TS2322: Type '{ children: string; defaultSelected: true; }' is not assignable to type 'DetailedHTMLProps<OptionHTMLAttributes<HTMLOptionElement>, HTMLOptionElement>'.
  Property 'defaultSelected' does not exist on type 'DetailedHTMLProps<OptionHTMLAttributes<HTMLOptionElement>, HTMLOptionElement>'.
client/src/portals/OperatorPortal.tsx(1571,85): error TS2322: Type '{ children: string; defaultSelected: true; }' is not assignable to type 'DetailedHTMLProps<OptionHTMLAttributes<HTMLOptionElement>, HTMLOptionElement>'.
  Property 'defaultSelected' does not exist on type 'DetailedHTMLProps<OptionHTMLAttributes<HTMLOptionElement>, HTMLOptionElement>'.
client/src/portals/OperatorPortal.tsx(1572,86): error TS2322: Type '{ children: string; defaultSelected: true; }' is not assignable to type 'DetailedHTMLProps<OptionHTMLAttributes<HTMLOptionElement>, HTMLOptionElement>'.
  Property 'defaultSelected' does not exist on type 'DetailedHTMLProps<OptionHTMLAttributes<HTMLOptionElement>, HTMLOptionElement>'.
client/src/portals/OperatorPortal.tsx(1573,91): error TS2322: Type '{ children: string; defaultSelected: true; }' is not assignable to type 'DetailedHTMLProps<OptionHTMLAttributes<HTMLOptionElement>, HTMLOptionElement>'.
  Property 'defaultSelected' does not exist on type 'DetailedHTMLProps<OptionHTMLAttributes<HTMLOptionElement>, HTMLOptionElement>'.
client/src/portals/OperatorPortal.tsx(1594,93): error TS2322: Type '{ children: string; defaultSelected: true; }' is not assignable to type 'DetailedHTMLProps<OptionHTMLAttributes<HTMLOptionElement>, HTMLOptionElement>'.
  Property 'defaultSelected' does not exist on type 'DetailedHTMLProps<OptionHTMLAttributes<HTMLOptionElement>, HTMLOptionElement>'.
client/src/portals/OperatorPortal.tsx(1595,111): error TS2322: Type '{ children: string; defaultSelected: true; }' is not assignable to type 'DetailedHTMLProps<OptionHTMLAttributes<HTMLOptionElement>, HTMLOptionElement>'.
  Property 'defaultSelected' does not exist on type 'DetailedHTMLProps<OptionHTMLAttributes<HTMLOptionElement>, HTMLOptionElement>'.
client/src/portals/OperatorPortal.tsx(1596,110): error TS2322: Type '{ children: string; defaultSelected: true; }' is not assignable to type 'DetailedHTMLProps<OptionHTMLAttributes<HTMLOptionElement>, HTMLOptionElement>'.
  Property 'defaultSelected' does not exist on type 'DetailedHTMLProps<OptionHTMLAttributes<HTMLOptionElement>, HTMLOptionElement>'.
client/src/portals/OperatorPortal.tsx(1600,111): error TS2322: Type '{ children: string; defaultSelected: true; }' is not assignable to type 'DetailedHTMLProps<OptionHTMLAttributes<HTMLOptionElement>, HTMLOptionElement>'.
  Property 'defaultSelected' does not exist on type 'DetailedHTMLProps<OptionHTMLAttributes<HTMLOptionElement>, HTMLOptionElement>'.
client/src/portals/OperatorPortal.tsx(1601,91): error TS2322: Type '{ children: string; defaultSelected: true; }' is not assignable to type 'DetailedHTMLProps<OptionHTMLAttributes<HTMLOptionElement>, HTMLOptionElement>'.
  Property 'defaultSelected' does not exist on type 'DetailedHTMLProps<OptionHTMLAttributes<HTMLOptionElement>, HTMLOptionElement>'.
client/src/portals/OperatorPortal.tsx(1603,84): error TS2322: Type '{ children: string; defaultSelected: true; }' is not assignable to type 'DetailedHTMLProps<OptionHTMLAttributes<HTMLOptionElement>, HTMLOptionElement>'.
  Property 'defaultSelected' does not exist on type 'DetailedHTMLProps<OptionHTMLAttributes<HTMLOptionElement>, HTMLOptionElement>'.
client/src/portals/OperatorPortal.tsx(1604,105): error TS2322: Type '{ children: string; defaultSelected: true; }' is not assignable to type 'DetailedHTMLProps<OptionHTMLAttributes<HTMLOptionElement>, HTMLOptionElement>'.
  Property 'defaultSelected' does not exist on type 'DetailedHTMLProps<OptionHTMLAttributes<HTMLOptionElement>, HTMLOptionElement>'.
server/lib/stripe-escrow.ts(12,49): error TS2322: Type '"2024-12-18.acacia"' is not assignable to type '"2025-08-27.basil"'.
server/lib/stripe-escrow.ts(34,21): error TS2339: Property 'businessEmail' does not exist on type '{ id: string; dealerId: string | null; dealershipName: string; legalName: string | null; contactName: string; contactEmail: string; contactPhone: string; address: string; city: string; province: string; ... 21 more ...; updatedAt: Date; }'.
server/lib/stripe-escrow.ts(35,20): error TS2551: Property 'businessName' does not exist on type '{ id: string; dealerId: string | null; dealershipName: string; legalName: string | null; contactName: string; contactEmail: string; contactPhone: string; address: string; city: string; province: string; ... 21 more ...; updatedAt: Date; }'. Did you mean 'businessNumber'?
server/lib/stripe-escrow.ts(84,5): error TS2353: Object literal may only specify known properties, and 'paidUntil' does not exist in type '{ address?: string | SQL<unknown> | PgColumn<ColumnBaseConfig<ColumnDataType, string>, {}, {}> | undefined; dealershipName?: string | SQL<...> | PgColumn<...> | undefined; ... 29 more ...; totalSales?: number | ... 2 more ... | undefined; }'.
server/lib/stripe-escrow.ts(149,52): error TS2769: No overload matches this call.
  Overload 1 of 2, '(value: { stripePaymentIntentId: string | SQL<unknown> | Placeholder<string, any>; buyerId: string | SQL<unknown> | Placeholder<string, any>; id?: string | SQL<...> | Placeholder<...> | undefined; ... 12 more ...; refundedAt?: Date | ... 3 more ... | undefined; }): PgInsertBase<...>', gave the following error.
    Type '"pending" | "authorized"' is not assignable to type '"active" | "pending" | "refunded" | SQL<unknown> | "released" | "captured" | Placeholder<string, any> | undefined'.
      Type '"authorized"' is not assignable to type '"active" | "pending" | "refunded" | SQL<unknown> | "released" | "captured" | Placeholder<string, any> | undefined'.
  Overload 2 of 2, '(values: { stripePaymentIntentId: string | SQL<unknown> | Placeholder<string, any>; buyerId: string | SQL<unknown> | Placeholder<string, any>; id?: string | SQL<...> | Placeholder<...> | undefined; ... 12 more ...; refundedAt?: Date | ... 3 more ... | undefined; }[]): PgInsertBase<...>', gave the following error.
    Object literal may only specify known properties, and 'listingId' does not exist in type '{ stripePaymentIntentId: string | SQL<unknown> | Placeholder<string, any>; buyerId: string | SQL<unknown> | Placeholder<string, any>; id?: string | SQL<...> | Placeholder<...> | undefined; ... 12 more ...; refundedAt?: Date | ... 3 more ... | undefined; }[]'.
server/lib/stripe-escrow.ts(183,7): error TS2367: This comparison appears to be unintentional because the types '"active" | "pending" | "refunded" | "released" | "captured"' and '"authorized"' have no overlap.
server/lib/stripe-escrow.ts(208,7): error TS2367: This comparison appears to be unintentional because the types '"active" | "pending" | "refunded" | "released" | "captured"' and '"authorized"' have no overlap.
server/lib/stripe-escrow.ts(227,12): error TS2769: No overload matches this call.
  Overload 1 of 3, '(left: PgColumn<{ name: "id"; tableName: "marketplace_listings"; dataType: "string"; columnType: "PgUUID"; data: string; driverParam: string; notNull: true; hasDefault: true; isPrimaryKey: true; isAutoincrement: false; ... 4 more ...; generated: undefined; }, {}, {}>, right: string | SQLWrapper): SQL<...>', gave the following error.
    Argument of type 'string | null' is not assignable to parameter of type 'string | SQLWrapper'.
      Type 'null' is not assignable to type 'string | SQLWrapper'.
  Overload 2 of 3, '(left: Aliased<string | null>, right: string | SQLWrapper | null): SQL<unknown>', gave the following error.
    Argument of type 'PgColumn<{ name: "id"; tableName: "marketplace_listings"; dataType: "string"; columnType: "PgUUID"; data: string; driverParam: string; notNull: true; hasDefault: true; isPrimaryKey: true; isAutoincrement: false; ... 4 more ...; generated: undefined; }, {}, {}>' is not assignable to parameter of type 'Aliased<string | null>'.
      Type 'PgColumn<{ name: "id"; tableName: "marketplace_listings"; dataType: "string"; columnType: "PgUUID"; data: string; driverParam: string; notNull: true; hasDefault: true; isPrimaryKey: true; isAutoincrement: false; ... 4 more ...; generated: undefined; }, {}, {}>' is missing the following properties from type 'Aliased<string | null>': sql, fieldAlias
  Overload 3 of 3, '(left: never, right: unknown): SQL<unknown>', gave the following error.
    Argument of type 'PgColumn<{ name: "id"; tableName: "marketplace_listings"; dataType: "string"; columnType: "PgUUID"; data: string; driverParam: string; notNull: true; hasDefault: true; isPrimaryKey: true; isAutoincrement: false; ... 4 more ...; generated: undefined; }, {}, {}>' is not assignable to parameter of type 'never'.
server/lib/stripe-escrow.ts(267,5): error TS2353: Object literal may only specify known properties, and 'stripePaymentIntentId' does not exist in type '{ salePrice?: string | SQL<unknown> | PgColumn<ColumnBaseConfig<ColumnDataType, string>, {}, {}> | undefined; sellerId?: string | SQL<...> | PgColumn<...> | undefined; ... 20 more ...; internalNotes?: string | ... 3 more ... | undefined; }'.
server/lib/stripe-escrow.ts(289,13): error TS2322: Type '"authorized"' is not assignable to type '"active" | "pending" | "refunded" | SQL<unknown> | PgColumn<ColumnBaseConfig<ColumnDataType, string>, {}, {}> | "released" | "captured" | undefined'.
server/lib/websocket.ts(6,29): error TS2307: Cannot find module './auth' or its corresponding type declarations.
server/routes/auctions.ts(29,46): error TS2339: Property 'listingId' does not exist on type '{ title: string; description: string; year: number; manufacturer: string; model: string; rvType: string; condition: string; locationCity: string; locationProvince: string; startingBid: number; ... 14 more ...; autoExtendThreshold?: number | undefined; }'.
server/routes/auctions.ts(31,35): error TS2339: Property 'sellerId' does not exist on type '{ title: string; description: string; year: number; manufacturer: string; model: string; rvType: string; condition: string; locationCity: string; locationProvince: string; startingBid: number; ... 14 more ...; autoExtendThreshold?: number | undefined; }'.
server/routes/auctions.ts(35,7): error TS2353: Object literal may only specify known properties, and 'listingType' does not exist in type '{ title?: string | SQL<unknown> | PgColumn<ColumnBaseConfig<ColumnDataType, string>, {}, {}> | undefined; description?: string | SQL<...> | PgColumn<...> | undefined; ... 34 more ...; holdTransactionId?: string | ... 3 more ... | undefined; }'.
server/routes/auctions.ts(38,46): error TS2339: Property 'listingId' does not exist on type '{ title: string; description: string; year: number; manufacturer: string; model: string; rvType: string; condition: string; locationCity: string; locationProvince: string; startingBid: number; ... 14 more ...; autoExtendThreshold?: number | undefined; }'.
server/routes/auctions.ts(40,49): error TS2769: No overload matches this call.
  Overload 1 of 2, '(value: { title: string | SQL<unknown> | Placeholder<string, any>; description: string | SQL<unknown> | Placeholder<string, any>; year: number | SQL<unknown> | Placeholder<...>; ... 39 more ...; watcherCount?: number | ... 2 more ... | undefined; }): PgInsertBase<...>', gave the following error.
    Argument of type '{ status: "scheduled"; currentBid: null; totalBids: number; uniqueBidders: number; title: string; description: string; year: number; manufacturer: string; model: string; rvType: string; condition: string; ... 17 more ...; autoExtendThreshold?: number | undefined; }' is not assignable to parameter of type '{ title: string | SQL<unknown> | Placeholder<string, any>; description: string | SQL<unknown> | Placeholder<string, any>; year: number | SQL<unknown> | Placeholder<...>; ... 39 more ...; watcherCount?: number | ... 2 more ... | undefined; }'.
      Type '{ status: "scheduled"; currentBid: null; totalBids: number; uniqueBidders: number; title: string; description: string; year: number; manufacturer: string; model: string; rvType: string; condition: string; ... 17 more ...; autoExtendThreshold?: number | undefined; }' is missing the following properties from type '{ title: string | SQL<unknown> | Placeholder<string, any>; description: string | SQL<unknown> | Placeholder<string, any>; year: number | SQL<unknown> | Placeholder<...>; ... 39 more ...; watcherCount?: number | ... 2 more ... | undefined; }': sellerId, auctionNumber
  Overload 2 of 2, '(values: { title: string | SQL<unknown> | Placeholder<string, any>; description: string | SQL<unknown> | Placeholder<string, any>; year: number | SQL<unknown> | Placeholder<...>; ... 39 more ...; watcherCount?: number | ... 2 more ... | undefined; }[]): PgInsertBase<...>', gave the following error.
    Object literal may only specify known properties, and 'status' does not exist in type '{ title: string | SQL<unknown> | Placeholder<string, any>; description: string | SQL<unknown> | Placeholder<string, any>; year: number | SQL<unknown> | Placeholder<...>; ... 39 more ...; watcherCount?: number | ... 2 more ... | undefined; }[]'.
server/routes/auctions.ts(60,33): error TS2769: No overload matches this call.
  Overload 1 of 3, '(left: PgColumn<{ name: "status"; tableName: "auctions"; dataType: "string"; columnType: "PgEnumColumn"; data: "sold" | "draft" | "cancelled" | "scheduled" | "ended" | "live" | "ending" | "no_sale"; ... 9 more ...; generated: undefined; }, {}, {}>, right: "sold" | ... 7 more ... | "no_sale"): SQL<...>', gave the following error.
    Argument of type 'string' is not assignable to parameter of type '"sold" | "draft" | "cancelled" | "scheduled" | SQLWrapper | "ended" | "live" | "ending" | "no_sale"'.
  Overload 2 of 3, '(left: Aliased<string>, right: string | SQLWrapper): SQL<unknown>', gave the following error.
    Argument of type 'PgColumn<{ name: "status"; tableName: "auctions"; dataType: "string"; columnType: "PgEnumColumn"; data: "sold" | "draft" | "cancelled" | "scheduled" | "ended" | "live" | "ending" | "no_sale"; ... 9 more ...; generated: undefined; }, {}, {}>' is not assignable to parameter of type 'Aliased<string>'.
      Type 'PgColumn<{ name: "status"; tableName: "auctions"; dataType: "string"; columnType: "PgEnumColumn"; data: "sold" | "draft" | "cancelled" | "scheduled" | "ended" | "live" | "ending" | "no_sale"; ... 9 more ...; generated: undefined; }, {}, {}>' is missing the following properties from type 'Aliased<string>': sql, fieldAlias
  Overload 3 of 3, '(left: never, right: unknown): SQL<unknown>', gave the following error.
    Argument of type 'PgColumn<{ name: "status"; tableName: "auctions"; dataType: "string"; columnType: "PgEnumColumn"; data: "sold" | "draft" | "cancelled" | "scheduled" | "ended" | "live" | "ending" | "no_sale"; ... 9 more ...; generated: undefined; }, {}, {}>' is not assignable to parameter of type 'never'.
server/routes/auctions.ts(83,51): error TS2339: Property 'listingId' does not exist on type 'PgTableWithColumns<{ name: "auctions"; schema: undefined; columns: { id: PgColumn<{ name: "id"; tableName: "auctions"; dataType: "string"; columnType: "PgUUID"; data: string; driverParam: string; notNull: true; hasDefault: true; ... 6 more ...; generated: undefined; }, {}, {}>; ... 41 more ...; updatedAt: PgColumn<....'.
server/routes/auctions.ts(102,49): error TS2339: Property 'listingId' does not exist on type '{ id: string; auctionNumber: string; sellerId: string; vin: string | null; year: number; manufacturer: string; model: string; rvType: string; lengthFt: string | null; slides: number | null; ... 32 more ...; updatedAt: Date; }'.
server/routes/auctions.ts(108,30): error TS2339: Property 'isAutoBid' does not exist on type 'PgTableWithColumns<{ name: "auction_bids"; schema: undefined; columns: { id: PgColumn<{ name: "id"; tableName: "auction_bids"; dataType: "string"; columnType: "PgUUID"; data: string; driverParam: string; notNull: true; hasDefault: true; ... 6 more ...; generated: undefined; }, {}, {}>; ... 7 more ...; createdAt: PgC...'.
server/routes/auctions.ts(136,21): error TS2339: Property 'maxAutoBid' does not exist on type '{ amount: number; auctionId: string; isProxy: boolean; isBuyNow: boolean; maxProxyAmount?: number | undefined; }'.
server/routes/auctions.ts(180,48): error TS2769: No overload matches this call.
  Overload 1 of 2, '(value: { amount: string | SQL<unknown> | Placeholder<string, any>; auctionId: string | SQL<unknown> | Placeholder<string, any>; bidderId: string | SQL<unknown> | Placeholder<...>; ... 5 more ...; isBuyNow?: boolean | ... 2 more ... | undefined; }): PgInsertBase<...>', gave the following error.
    Object literal may only specify known properties, and 'isAutoBid' does not exist in type '{ amount: string | SQL<unknown> | Placeholder<string, any>; auctionId: string | SQL<unknown> | Placeholder<string, any>; bidderId: string | SQL<unknown> | Placeholder<...>; ... 5 more ...; isBuyNow?: boolean | ... 2 more ... | undefined; }'.
  Overload 2 of 2, '(values: { amount: string | SQL<unknown> | Placeholder<string, any>; auctionId: string | SQL<unknown> | Placeholder<string, any>; bidderId: string | SQL<unknown> | Placeholder<...>; ... 5 more ...; isBuyNow?: boolean | ... 2 more ... | undefined; }[]): PgInsertBase<...>', gave the following error.
    Object literal may only specify known properties, and 'auctionId' does not exist in type '{ amount: string | SQL<unknown> | Placeholder<string, any>; auctionId: string | SQL<unknown> | Placeholder<string, any>; bidderId: string | SQL<unknown> | Placeholder<...>; ... 5 more ...; isBuyNow?: boolean | ... 2 more ... | undefined; }[]'.
server/routes/auctions.ts(209,17): error TS2339: Property 'autoExtend' does not exist on type '{ id: string; auctionNumber: string; sellerId: string; vin: string | null; year: number; manufacturer: string; model: string; rvType: string; lengthFt: string | null; slides: number | null; ... 32 more ...; updatedAt: Date; }'.
server/routes/auctions.ts(211,36): error TS2339: Property 'extensionMinutes' does not exist on type '{ id: string; auctionNumber: string; sellerId: string; vin: string | null; year: number; manufacturer: string; model: string; rvType: string; lengthFt: string | null; slides: number | null; ... 32 more ...; updatedAt: Date; }'.
server/routes/auctions.ts(258,5): error TS2322: Type '"completed"' is not assignable to type '"sold" | "draft" | "cancelled" | "scheduled" | SQL<unknown> | PgColumn<ColumnBaseConfig<ColumnDataType, string>, {}, {}> | "ended" | "live" | "ending" | "no_sale" | undefined'.
server/routes/auctions.ts(282,44): error TS2769: No overload matches this call.
  Overload 1 of 2, '(value: { salePrice: string | SQL<unknown> | Placeholder<string, any>; sellerId: string | SQL<unknown> | Placeholder<string, any>; buyerId: string | SQL<unknown> | Placeholder<...>; ... 19 more ...; internalNotes?: string | ... 3 more ... | undefined; }): PgInsertBase<...>', gave the following error.
    Argument of type '{ listingId: any; sellerId: any; buyerId: string; auctionId: any; salePrice: string; status: "pending"; }' is not assignable to parameter of type '{ salePrice: string | SQL<unknown> | Placeholder<string, any>; sellerId: string | SQL<unknown> | Placeholder<string, any>; buyerId: string | SQL<unknown> | Placeholder<...>; ... 19 more ...; internalNotes?: string | ... 3 more ... | undefined; }'.
      Type '{ listingId: any; sellerId: any; buyerId: string; auctionId: any; salePrice: string; status: "pending"; }' is missing the following properties from type '{ salePrice: string | SQL<unknown> | Placeholder<string, any>; sellerId: string | SQL<unknown> | Placeholder<string, any>; buyerId: string | SQL<unknown> | Placeholder<...>; ... 19 more ...; internalNotes?: string | ... 3 more ... | undefined; }': transactionNumber, unitSnapshot
  Overload 2 of 2, '(values: { salePrice: string | SQL<unknown> | Placeholder<string, any>; sellerId: string | SQL<unknown> | Placeholder<string, any>; buyerId: string | SQL<unknown> | Placeholder<...>; ... 19 more ...; internalNotes?: string | ... 3 more ... | undefined; }[]): PgInsertBase<...>', gave the following error.
    Object literal may only specify known properties, and 'listingId' does not exist in type '{ salePrice: string | SQL<unknown> | Placeholder<string, any>; sellerId: string | SQL<unknown> | Placeholder<string, any>; buyerId: string | SQL<unknown> | Placeholder<...>; ... 19 more ...; internalNotes?: string | ... 3 more ... | undefined; }[]'.
server/routes/auctions.ts(304,31): error TS2339: Property 'maxAutoBid' does not exist on type 'PgTableWithColumns<{ name: "auction_bids"; schema: undefined; columns: { id: PgColumn<{ name: "id"; tableName: "auction_bids"; dataType: "string"; columnType: "PgUUID"; data: string; driverParam: string; notNull: true; hasDefault: true; ... 6 more ...; generated: undefined; }, {}, {}>; ... 7 more ...; createdAt: PgC...'.
server/routes/auctions.ts(311,13): error TS2339: Property 'maxAutoBid' does not exist on type '{ id: string; auctionId: string; bidderId: string; amount: string; isProxy: boolean; maxProxyAmount: string | null; status: "active" | "cancelled" | "won" | "outbid" | "winning"; isBuyNow: boolean; createdAt: Date; }'.
server/routes/auctions.ts(312,35): error TS2339: Property 'maxAutoBid' does not exist on type '{ id: string; auctionId: string; bidderId: string; amount: string; isProxy: boolean; maxProxyAmount: string | null; status: "active" | "cancelled" | "won" | "outbid" | "winning"; isBuyNow: boolean; createdAt: Date; }'.
server/routes/auctions.ts(323,36): error TS2769: No overload matches this call.
  Overload 1 of 2, '(value: { amount: string | SQL<unknown> | Placeholder<string, any>; auctionId: string | SQL<unknown> | Placeholder<string, any>; bidderId: string | SQL<unknown> | Placeholder<...>; ... 5 more ...; isBuyNow?: boolean | ... 2 more ... | undefined; }): PgInsertBase<...>', gave the following error.
    Object literal may only specify known properties, and 'isAutoBid' does not exist in type '{ amount: string | SQL<unknown> | Placeholder<string, any>; auctionId: string | SQL<unknown> | Placeholder<string, any>; bidderId: string | SQL<unknown> | Placeholder<...>; ... 5 more ...; isBuyNow?: boolean | ... 2 more ... | undefined; }'.
  Overload 2 of 2, '(values: { amount: string | SQL<unknown> | Placeholder<string, any>; auctionId: string | SQL<unknown> | Placeholder<string, any>; bidderId: string | SQL<unknown> | Placeholder<...>; ... 5 more ...; isBuyNow?: boolean | ... 2 more ... | undefined; }[]): PgInsertBase<...>', gave the following error.
    Object literal may only specify known properties, and 'auctionId' does not exist in type '{ amount: string | SQL<unknown> | Placeholder<string, any>; auctionId: string | SQL<unknown> | Placeholder<string, any>; bidderId: string | SQL<unknown> | Placeholder<...>; ... 5 more ...; isBuyNow?: boolean | ... 2 more ... | undefined; }[]'.
server/routes/auctions.ts(328,24): error TS2339: Property 'maxAutoBid' does not exist on type '{ id: string; auctionId: string; bidderId: string; amount: string; isProxy: boolean; maxProxyAmount: string | null; status: "active" | "cancelled" | "won" | "outbid" | "winning"; isBuyNow: boolean; createdAt: Date; }'.
server/routes/auctions.ts(375,38): error TS2367: This comparison appears to be unintentional because the types '"sold" | "draft" | "cancelled" | "scheduled" | "ended" | "ending" | "no_sale"' and '"ending_soon"' have no overlap.
server/routes/auctions.ts(394,48): error TS2769: No overload matches this call.
  Overload 1 of 2, '(value: { salePrice: string | SQL<unknown> | Placeholder<string, any>; sellerId: string | SQL<unknown> | Placeholder<string, any>; buyerId: string | SQL<unknown> | Placeholder<...>; ... 19 more ...; internalNotes?: string | ... 3 more ... | undefined; }): PgInsertBase<...>', gave the following error.
    Argument of type '{ listingId: any; sellerId: string; buyerId: string; auctionId: string; salePrice: string; status: "pending"; }' is not assignable to parameter of type '{ salePrice: string | SQL<unknown> | Placeholder<string, any>; sellerId: string | SQL<unknown> | Placeholder<string, any>; buyerId: string | SQL<unknown> | Placeholder<...>; ... 19 more ...; internalNotes?: string | ... 3 more ... | undefined; }'.
      Type '{ listingId: any; sellerId: string; buyerId: string; auctionId: string; salePrice: string; status: "pending"; }' is missing the following properties from type '{ salePrice: string | SQL<unknown> | Placeholder<string, any>; sellerId: string | SQL<unknown> | Placeholder<string, any>; buyerId: string | SQL<unknown> | Placeholder<...>; ... 19 more ...; internalNotes?: string | ... 3 more ... | undefined; }': transactionNumber, unitSnapshot
  Overload 2 of 2, '(values: { salePrice: string | SQL<unknown> | Placeholder<string, any>; sellerId: string | SQL<unknown> | Placeholder<string, any>; buyerId: string | SQL<unknown> | Placeholder<...>; ... 19 more ...; internalNotes?: string | ... 3 more ... | undefined; }[]): PgInsertBase<...>', gave the following error.
    Object literal may only specify known properties, and 'listingId' does not exist in type '{ salePrice: string | SQL<unknown> | Placeholder<string, any>; sellerId: string | SQL<unknown> | Placeholder<string, any>; buyerId: string | SQL<unknown> | Placeholder<...>; ... 19 more ...; internalNotes?: string | ... 3 more ... | undefined; }[]'.
server/routes/auctions.ts(395,28): error TS2339: Property 'listingId' does not exist on type '{ id: string; auctionNumber: string; sellerId: string; vin: string | null; year: number; manufacturer: string; model: string; rvType: string; lengthFt: string | null; slides: number | null; ... 32 more ...; updatedAt: Date; }'.
server/routes/auctions.ts(405,9): error TS2322: Type '"pending_sale"' is not assignable to type '"active" | "sold" | "draft" | "rejected" | "expired" | "pending_review" | "withdrawn" | SQL<unknown> | PgColumn<ColumnBaseConfig<ColumnDataType, string>, {}, {}> | "on_hold" | undefined'.
server/routes/auctions.ts(407,51): error TS2339: Property 'listingId' does not exist on type '{ id: string; auctionNumber: string; sellerId: string; vin: string | null; year: number; manufacturer: string; model: string; rvType: string; lengthFt: string | null; slides: number | null; ... 32 more ...; updatedAt: Date; }'.
server/routes/auctions.ts(412,9): error TS2353: Object literal may only specify known properties, and 'listingType' does not exist in type '{ title?: string | SQL<unknown> | PgColumn<ColumnBaseConfig<ColumnDataType, string>, {}, {}> | undefined; description?: string | SQL<...> | PgColumn<...> | undefined; ... 34 more ...; holdTransactionId?: string | ... 3 more ... | undefined; }'.
server/routes/auctions.ts(414,51): error TS2339: Property 'listingId' does not exist on type '{ id: string; auctionNumber: string; sellerId: string; vin: string | null; year: number; manufacturer: string; model: string; rvType: string; lengthFt: string | null; slides: number | null; ... 32 more ...; updatedAt: Date; }'.
server/routes/auctions.ts(418,7): error TS2322: Type 'string' is not assignable to type '"sold" | "draft" | "cancelled" | "scheduled" | SQL<unknown> | PgColumn<ColumnBaseConfig<ColumnDataType, string>, {}, {}> | "ended" | "live" | "ending" | "no_sale" | undefined'.
server/routes/auctions.ts(445,7): error TS2353: Object literal may only specify known properties, and 'listingType' does not exist in type '{ title?: string | SQL<unknown> | PgColumn<ColumnBaseConfig<ColumnDataType, string>, {}, {}> | undefined; description?: string | SQL<...> | PgColumn<...> | undefined; ... 34 more ...; holdTransactionId?: string | ... 3 more ... | undefined; }'.
server/routes/auctions.ts(447,49): error TS2339: Property 'listingId' does not exist on type '{ id: string; auctionNumber: string; sellerId: string; vin: string | null; year: number; manufacturer: string; model: string; rvType: string; lengthFt: string | null; slides: number | null; ... 32 more ...; updatedAt: Date; }'.
server/routes/auctions.ts(462,56): error TS2769: No overload matches this call.
  Overload 1 of 2, '(value: { memberId: string | SQL<unknown> | Placeholder<string, any>; auctionId: string | SQL<unknown> | Placeholder<string, any>; id?: string | SQL<unknown> | Placeholder<...> | undefined; createdAt?: Date | ... 2 more ... | undefined; notifyOnNewBid?: boolean | ... 2 more ... | undefined; notifyOnEnding?: boolean | ... 2 more ... | undefined; notifyOnResult?: boolean | ... 2 more ... | undefined; }): PgInsertBase<...>', gave the following error.
    Object literal may only specify known properties, but 'notifyOnBid' does not exist in type '{ memberId: string | SQL<unknown> | Placeholder<string, any>; auctionId: string | SQL<unknown> | Placeholder<string, any>; id?: string | SQL<unknown> | Placeholder<...> | undefined; createdAt?: Date | ... 2 more ... | undefined; notifyOnNewBid?: boolean | ... 2 more ... | undefined; notifyOnEnding?: boolean | ... 2 ...'. Did you mean to write 'notifyOnNewBid'?
  Overload 2 of 2, '(values: { memberId: string | SQL<unknown> | Placeholder<string, any>; auctionId: string | SQL<unknown> | Placeholder<string, any>; id?: string | SQL<unknown> | Placeholder<...> | undefined; createdAt?: Date | ... 2 more ... | undefined; notifyOnNewBid?: boolean | ... 2 more ... | undefined; notifyOnEnding?: boolean | ... 2 more ... | undefined; notifyOnResult?: boolean | ... 2 more ... | undefined; }[]): PgInsertBase<...>', gave the following error.
    Object literal may only specify known properties, and 'auctionId' does not exist in type '{ memberId: string | SQL<unknown> | Placeholder<string, any>; auctionId: string | SQL<unknown> | Placeholder<string, any>; id?: string | SQL<unknown> | Placeholder<...> | undefined; createdAt?: Date | ... 2 more ... | undefined; notifyOnNewBid?: boolean | ... 2 more ... | undefined; notifyOnEnding?: boolean | ... 2 ...'.
server/routes/auctions.ts(507,42): error TS2551: Property 'businessName' does not exist on type 'PgTableWithColumns<{ name: "marketplace_members"; schema: undefined; columns: { id: PgColumn<{ name: "id"; tableName: "marketplace_members"; dataType: "string"; columnType: "PgUUID"; data: string; driverParam: string; ... 8 more ...; generated: undefined; }, {}, {}>; ... 30 more ...; updatedAt: PgColumn<...>; }; dia...'. Did you mean 'businessNumber'?
server/routes/crm.ts(48,27): error TS2802: Type 'Set<number>' can only be iterated through when using the '--downlevelIteration' flag or with a '--target' of 'es2015' or higher.
server/routes/marketplace.ts(28,36): error TS2339: Property 'businessEmail' does not exist on type 'PgTableWithColumns<{ name: "marketplace_members"; schema: undefined; columns: { id: PgColumn<{ name: "id"; tableName: "marketplace_members"; dataType: "string"; columnType: "PgUUID"; data: string; driverParam: string; ... 8 more ...; generated: undefined; }, {}, {}>; ... 30 more ...; updatedAt: PgColumn<...>; }; dia...'.
server/routes/marketplace.ts(28,56): error TS2339: Property 'businessEmail' does not exist on type '{ address: string; dealershipName: string; city: string; province: string; postalCode: string; country: string; contactName: string; contactEmail: string; contactPhone: string; legalName?: string | undefined; website?: string | undefined; businessNumber?: string | undefined; }'.
server/routes/marketplace.ts(63,33): error TS2769: No overload matches this call.
  Overload 1 of 3, '(left: PgColumn<{ name: "status"; tableName: "marketplace_members"; dataType: "string"; columnType: "PgEnumColumn"; data: "active" | "suspended" | "pending" | "approved" | "rejected" | "expired" | "under_review"; ... 9 more ...; generated: undefined; }, {}, {}>, right: "active" | ... 6 more ... | SQLWrapper): SQL<...>', gave the following error.
    Argument of type 'string' is not assignable to parameter of type '"active" | "suspended" | "pending" | "approved" | "rejected" | "expired" | "under_review" | SQLWrapper'.
  Overload 2 of 3, '(left: Aliased<string>, right: string | SQLWrapper): SQL<unknown>', gave the following error.
    Argument of type 'PgColumn<{ name: "status"; tableName: "marketplace_members"; dataType: "string"; columnType: "PgEnumColumn"; data: "active" | "suspended" | "pending" | "approved" | "rejected" | "expired" | "under_review"; ... 9 more ...; generated: undefined; }, {}, {}>' is not assignable to parameter of type 'Aliased<string>'.
      Type 'PgColumn<{ name: "status"; tableName: "marketplace_members"; dataType: "string"; columnType: "PgEnumColumn"; data: "active" | "suspended" | "pending" | "approved" | "rejected" | "expired" | "under_review"; ... 9 more ...; generated: undefined; }, {}, {}>' is missing the following properties from type 'Aliased<string>': sql, fieldAlias
  Overload 3 of 3, '(left: never, right: unknown): SQL<unknown>', gave the following error.
    Argument of type 'PgColumn<{ name: "status"; tableName: "marketplace_members"; dataType: "string"; columnType: "PgEnumColumn"; data: "active" | "suspended" | "pending" | "approved" | "rejected" | "expired" | "under_review"; ... 9 more ...; generated: undefined; }, {}, {}>' is not assignable to parameter of type 'never'.
server/routes/marketplace.ts(122,45): error TS2339: Property 'sellerId' does not exist on type '{ title: string; description: string; year: number; manufacturer: string; model: string; rvType: string; condition: string; askingPrice: number; locationCity: string; locationProvince: string; ... 11 more ...; knownIssues?: string | undefined; }'.
server/routes/marketplace.ts(127,60): error TS2769: No overload matches this call.
  Overload 1 of 2, '(value: { title: string | SQL<unknown> | Placeholder<string, any>; description: string | SQL<unknown> | Placeholder<string, any>; year: number | SQL<unknown> | Placeholder<...>; ... 33 more ...; holdTransactionId?: string | ... 3 more ... | undefined; }): PgInsertBase<...>', gave the following error.
    Argument of type '{ status: "draft"; title: string; description: string; year: number; manufacturer: string; model: string; rvType: string; condition: string; askingPrice: number; locationCity: string; locationProvince: string; ... 11 more ...; knownIssues?: string | undefined; }' is not assignable to parameter of type '{ title: string | SQL<unknown> | Placeholder<string, any>; description: string | SQL<unknown> | Placeholder<string, any>; year: number | SQL<unknown> | Placeholder<...>; ... 33 more ...; holdTransactionId?: string | ... 3 more ... | undefined; }'.
      Type '{ status: "draft"; title: string; description: string; year: number; manufacturer: string; model: string; rvType: string; condition: string; askingPrice: number; locationCity: string; locationProvince: string; ... 11 more ...; knownIssues?: string | undefined; }' is missing the following properties from type '{ title: string | SQL<unknown> | Placeholder<string, any>; description: string | SQL<unknown> | Placeholder<string, any>; year: number | SQL<unknown> | Placeholder<...>; ... 33 more ...; holdTransactionId?: string | ... 3 more ... | undefined; }': listingNumber, sellerId
  Overload 2 of 2, '(values: { title: string | SQL<unknown> | Placeholder<string, any>; description: string | SQL<unknown> | Placeholder<string, any>; year: number | SQL<unknown> | Placeholder<...>; ... 33 more ...; holdTransactionId?: string | ... 3 more ... | undefined; }[]): PgInsertBase<...>', gave the following error.
    Object literal may only specify known properties, and 'status' does not exist in type '{ title: string | SQL<unknown> | Placeholder<string, any>; description: string | SQL<unknown> | Placeholder<string, any>; year: number | SQL<unknown> | Placeholder<...>; ... 33 more ...; holdTransactionId?: string | ... 3 more ... | undefined; }[]'.
server/routes/marketplace.ts(215,60): error TS2551: Property 'slideOuts' does not exist on type 'PgTableWithColumns<{ name: "marketplace_listings"; schema: undefined; columns: { id: PgColumn<{ name: "id"; tableName: "marketplace_listings"; dataType: "string"; columnType: "PgUUID"; data: string; driverParam: string; ... 8 more ...; generated: undefined; }, {}, {}>; ... 35 more ...; updatedAt: PgColumn<...>; }; d...'. Did you mean 'slides'?
server/routes/marketplace.ts(233,35): error TS2551: Property 'length' does not exist on type 'PgTableWithColumns<{ name: "marketplace_listings"; schema: undefined; columns: { id: PgColumn<{ name: "id"; tableName: "marketplace_listings"; dataType: "string"; columnType: "PgUUID"; data: string; driverParam: string; ... 8 more ...; generated: undefined; }, {}, {}>; ... 35 more ...; updatedAt: PgColumn<...>; }; d...'. Did you mean 'lengthFt'?
server/routes/marketplace.ts(234,38): error TS2551: Property 'slideOuts' does not exist on type 'PgTableWithColumns<{ name: "marketplace_listings"; schema: undefined; columns: { id: PgColumn<{ name: "id"; tableName: "marketplace_listings"; dataType: "string"; columnType: "PgUUID"; data: string; driverParam: string; ... 8 more ...; generated: undefined; }, {}, {}>; ... 35 more ...; updatedAt: PgColumn<...>; }; d...'. Did you mean 'slides'?
server/routes/marketplace.ts(239,44): error TS2339: Property 'priceNegotiable' does not exist on type 'PgTableWithColumns<{ name: "marketplace_listings"; schema: undefined; columns: { id: PgColumn<{ name: "id"; tableName: "marketplace_listings"; dataType: "string"; columnType: "PgUUID"; data: string; driverParam: string; ... 8 more ...; generated: undefined; }, {}, {}>; ... 35 more ...; updatedAt: PgColumn<...>; }; d...'.
server/routes/marketplace.ts(242,43): error TS2339: Property 'locationRegion' does not exist on type 'PgTableWithColumns<{ name: "marketplace_listings"; schema: undefined; columns: { id: PgColumn<{ name: "id"; tableName: "marketplace_listings"; dataType: "string"; columnType: "PgUUID"; data: string; driverParam: string; ... 8 more ...; generated: undefined; }, {}, {}>; ... 35 more ...; updatedAt: PgColumn<...>; }; d...'.
server/routes/marketplace.ts(415,61): error TS2769: No overload matches this call.
  Overload 1 of 2, '(value: { type: SQL<unknown> | "question" | "offer" | Placeholder<string, any>; listingId: string | SQL<unknown> | Placeholder<string, any>; inquiryNumber: string | ... 1 more ... | Placeholder<...>; ... 8 more ...; resolvedBy?: string | ... 3 more ... | undefined; }): PgInsertBase<...>', gave the following error.
    Type '"pending"' is not assignable to type '"declined" | "expired" | "accepted" | "new" | SQL<unknown> | "forwarded" | "responded" | Placeholder<string, any> | undefined'.
  Overload 2 of 2, '(values: { type: SQL<unknown> | "question" | "offer" | Placeholder<string, any>; listingId: string | SQL<unknown> | Placeholder<string, any>; inquiryNumber: string | ... 1 more ... | Placeholder<...>; ... 8 more ...; resolvedBy?: string | ... 3 more ... | undefined; }[]): PgInsertBase<...>', gave the following error.
    Object literal may only specify known properties, and 'listingId' does not exist in type '{ type: SQL<unknown> | "question" | "offer" | Placeholder<string, any>; listingId: string | SQL<unknown> | Placeholder<string, any>; inquiryNumber: string | SQL<...> | Placeholder<...>; ... 8 more ...; resolvedBy?: string | ... 3 more ... | undefined; }[]'.
server/routes/marketplace.ts(445,33): error TS2769: No overload matches this call.
  Overload 1 of 3, '(left: PgColumn<{ name: "status"; tableName: "marketplace_inquiries"; dataType: "string"; columnType: "PgEnumColumn"; data: "declined" | "expired" | "accepted" | "new" | "forwarded" | "responded"; ... 9 more ...; generated: undefined; }, {}, {}>, right: "declined" | ... 5 more ... | "responded"): SQL<...>', gave the following error.
    Argument of type 'string' is not assignable to parameter of type '"declined" | "expired" | "accepted" | "new" | SQLWrapper | "forwarded" | "responded"'.
  Overload 2 of 3, '(left: Aliased<string>, right: string | SQLWrapper): SQL<unknown>', gave the following error.
    Argument of type 'PgColumn<{ name: "status"; tableName: "marketplace_inquiries"; dataType: "string"; columnType: "PgEnumColumn"; data: "declined" | "expired" | "accepted" | "new" | "forwarded" | "responded"; ... 9 more ...; generated: undefined; }, {}, {}>' is not assignable to parameter of type 'Aliased<string>'.
      Type 'PgColumn<{ name: "status"; tableName: "marketplace_inquiries"; dataType: "string"; columnType: "PgEnumColumn"; data: "declined" | "expired" | "accepted" | "new" | "forwarded" | "responded"; ... 9 more ...; generated: undefined; }, {}, {}>' is missing the following properties from type 'Aliased<string>': sql, fieldAlias
  Overload 3 of 3, '(left: never, right: unknown): SQL<unknown>', gave the following error.
    Argument of type 'PgColumn<{ name: "status"; tableName: "marketplace_inquiries"; dataType: "string"; columnType: "PgEnumColumn"; data: "declined" | "expired" | "accepted" | "new" | "forwarded" | "responded"; ... 9 more ...; generated: undefined; }, {}, {}>' is not assignable to parameter of type 'never'.
server/routes/marketplace.ts(463,7): error TS2353: Object literal may only specify known properties, and 'operatorNotes' does not exist in type '{ type?: SQL<unknown> | PgColumn<ColumnBaseConfig<ColumnDataType, string>, {}, {}> | "question" | "offer" | undefined; listingId?: string | ... 2 more ... | undefined; ... 9 more ...; resolvedBy?: string | ... 3 more ... | undefined; }'.
server/routes/marketplace.ts(484,40): error TS2345: Argument of type 'string | undefined' is not assignable to parameter of type 'string'.
  Type 'undefined' is not assignable to type 'string'.
server/routes/marketplace.ts(518,59): error TS2769: No overload matches this call.
  Overload 1 of 2, '(value: { salePrice: string | SQL<unknown> | Placeholder<string, any>; sellerId: string | SQL<unknown> | Placeholder<string, any>; buyerId: string | SQL<unknown> | Placeholder<...>; ... 19 more ...; internalNotes?: string | ... 3 more ... | undefined; }): PgInsertBase<...>', gave the following error.
    Type '"pending" | "deposit_held"' is not assignable to type '"pending" | "completed" | "inspection" | "cancelled" | SQL<unknown> | "in_transit" | "disputed" | Placeholder<string, any> | undefined'.
      Type '"deposit_held"' is not assignable to type '"pending" | "completed" | "inspection" | "cancelled" | SQL<unknown> | "in_transit" | "disputed" | Placeholder<string, any> | undefined'.
  Overload 2 of 2, '(values: { salePrice: string | SQL<unknown> | Placeholder<string, any>; sellerId: string | SQL<unknown> | Placeholder<string, any>; buyerId: string | SQL<unknown> | Placeholder<...>; ... 19 more ...; internalNotes?: string | ... 3 more ... | undefined; }[]): PgInsertBase<...>', gave the following error.
    Object literal may only specify known properties, and 'listingId' does not exist in type '{ salePrice: string | SQL<unknown> | Placeholder<string, any>; sellerId: string | SQL<unknown> | Placeholder<string, any>; buyerId: string | SQL<unknown> | Placeholder<...>; ... 19 more ...; internalNotes?: string | ... 3 more ... | undefined; }[]'.
server/routes/marketplace.ts(531,7): error TS2322: Type '"pending_sale"' is not assignable to type '"active" | "sold" | "draft" | "rejected" | "expired" | "pending_review" | "withdrawn" | SQL<unknown> | PgColumn<ColumnBaseConfig<ColumnDataType, string>, {}, {}> | "on_hold" | undefined'.
server/routes/marketplace.ts(561,18): error TS2769: No overload matches this call.
  Overload 1 of 3, '(left: PgColumn<{ name: "id"; tableName: "marketplace_listings"; dataType: "string"; columnType: "PgUUID"; data: string; driverParam: string; notNull: true; hasDefault: true; isPrimaryKey: true; isAutoincrement: false; ... 4 more ...; generated: undefined; }, {}, {}>, right: string | SQLWrapper): SQL<...>', gave the following error.
    Argument of type 'string | null' is not assignable to parameter of type 'string | SQLWrapper'.
      Type 'null' is not assignable to type 'string | SQLWrapper'.
  Overload 2 of 3, '(left: Aliased<string | null>, right: string | SQLWrapper | null): SQL<unknown>', gave the following error.
    Argument of type 'PgColumn<{ name: "id"; tableName: "marketplace_listings"; dataType: "string"; columnType: "PgUUID"; data: string; driverParam: string; notNull: true; hasDefault: true; isPrimaryKey: true; isAutoincrement: false; ... 4 more ...; generated: undefined; }, {}, {}>' is not assignable to parameter of type 'Aliased<string | null>'.
      Type 'PgColumn<{ name: "id"; tableName: "marketplace_listings"; dataType: "string"; columnType: "PgUUID"; data: string; driverParam: string; notNull: true; hasDefault: true; isPrimaryKey: true; isAutoincrement: false; ... 4 more ...; generated: undefined; }, {}, {}>' is missing the following properties from type 'Aliased<string | null>': sql, fieldAlias
  Overload 3 of 3, '(left: never, right: unknown): SQL<unknown>', gave the following error.
    Argument of type 'PgColumn<{ name: "id"; tableName: "marketplace_listings"; dataType: "string"; columnType: "PgUUID"; data: string; driverParam: string; notNull: true; hasDefault: true; isPrimaryKey: true; isAutoincrement: false; ... 4 more ...; generated: undefined; }, {}, {}>' is not assignable to parameter of type 'never'.
server/routes/marketplace.ts(600,33): error TS2769: No overload matches this call.
  Overload 1 of 3, '(left: PgColumn<{ name: "status"; tableName: "marketplace_transactions"; dataType: "string"; columnType: "PgEnumColumn"; data: "pending" | "completed" | "inspection" | "cancelled" | "in_transit" | "disputed"; ... 9 more ...; generated: undefined; }, {}, {}>, right: "pending" | ... 5 more ... | "disputed"): SQL<...>', gave the following error.
    Argument of type 'string' is not assignable to parameter of type '"pending" | "completed" | "inspection" | "cancelled" | SQLWrapper | "in_transit" | "disputed"'.
  Overload 2 of 3, '(left: Aliased<string>, right: string | SQLWrapper): SQL<unknown>', gave the following error.
    Argument of type 'PgColumn<{ name: "status"; tableName: "marketplace_transactions"; dataType: "string"; columnType: "PgEnumColumn"; data: "pending" | "completed" | "inspection" | "cancelled" | "in_transit" | "disputed"; ... 9 more ...; generated: undefined; }, {}, {}>' is not assignable to parameter of type 'Aliased<string>'.
      Type 'PgColumn<{ name: "status"; tableName: "marketplace_transactions"; dataType: "string"; columnType: "PgEnumColumn"; data: "pending" | "completed" | "inspection" | "cancelled" | "in_transit" | "disputed"; ... 9 more ...; generated: undefined; }, {}, {}>' is missing the following properties from type 'Aliased<string>': sql, fieldAlias
  Overload 3 of 3, '(left: never, right: unknown): SQL<unknown>', gave the following error.
    Argument of type 'PgColumn<{ name: "status"; tableName: "marketplace_transactions"; dataType: "string"; columnType: "PgEnumColumn"; data: "pending" | "completed" | "inspection" | "cancelled" | "in_transit" | "disputed"; ... 9 more ...; generated: undefined; }, {}, {}>' is not assignable to parameter of type 'never'.
server/routes/membership.ts(12,49): error TS2322: Type '"2024-04-10"' is not assignable to type '"2025-08-27.basil"'.
server/routes/membership.ts(60,7): error TS2740: Type 'Omit<PgSelectBase<"marketplace_members", { id: PgColumn<{ name: "id"; tableName: "marketplace_members"; dataType: "string"; columnType: "PgUUID"; data: string; driverParam: string; notNull: true; hasDefault: true; ... 6 more ...; generated: undefined; }, {}, {}>; ... 30 more ...; updatedAt: PgColumn<...>; }, ... 5 m...' is missing the following properties from type 'PgSelectBase<"marketplace_members", { id: PgColumn<{ name: "id"; tableName: "marketplace_members"; dataType: "string"; columnType: "PgUUID"; data: string; driverParam: string; notNull: true; hasDefault: true; ... 6 more ...; generated: undefined; }, {}, {}>; ... 30 more ...; updatedAt: PgColumn<...>; }, ... 5 more ....': config, joinsNotNullableMap, tableName, isPartialSelect, and 5 more.
server/routes/membership.ts(63,7): error TS2740: Type 'Omit<PgSelectBase<"marketplace_members", { id: PgColumn<{ name: "id"; tableName: "marketplace_members"; dataType: "string"; columnType: "PgUUID"; data: string; driverParam: string; notNull: true; hasDefault: true; ... 6 more ...; generated: undefined; }, {}, {}>; ... 30 more ...; updatedAt: PgColumn<...>; }, ... 5 m...' is missing the following properties from type 'PgSelectBase<"marketplace_members", { id: PgColumn<{ name: "id"; tableName: "marketplace_members"; dataType: "string"; columnType: "PgUUID"; data: string; driverParam: string; notNull: true; hasDefault: true; ... 6 more ...; generated: undefined; }, {}, {}>; ... 30 more ...; updatedAt: PgColumn<...>; }, ... 5 more ....': config, joinsNotNullableMap, tableName, isPartialSelect, and 5 more.
server/routes/membership.ts(107,30): error TS18047: 'stripe' is possibly 'null'.
server/routes/membership.ts(182,27): error TS18047: 'stripe' is possibly 'null'.
server/routes/membership.ts(206,19): error TS18047: 'stripe' is possibly 'null'.
server/routes/membership.ts(234,53): error TS2339: Property 'current_period_end' does not exist on type 'Subscription'.
server/routes/users.ts(10,68): error TS2307: Cannot find module '../lib/auth' or its corresponding type declarations.
server/seed.ts(7,30): error TS2307: Cannot find module './lib/auth' or its corresponding type declarations.
server/websocket/auctions.ts(231,11): error TS2322: Type '"completed" | "no_sale"' is not assignable to type '"sold" | "draft" | "cancelled" | "scheduled" | SQL<unknown> | PgColumn<ColumnBaseConfig<ColumnDataType, string>, {}, {}> | "ended" | "live" | "ending" | "no_sale" | undefined'.
  Type '"completed"' is not assignable to type '"sold" | "draft" | "cancelled" | "scheduled" | SQL<unknown> | PgColumn<ColumnBaseConfig<ColumnDataType, string>, {}, {}> | "ended" | "live" | "ending" | "no_sale" | undefined'.
server/websocket/auctions.ts(257,15): error TS2367: This comparison appears to be unintentional because the types '"sold" | "draft" | "cancelled" | "scheduled" | "ended" | "live" | "ending" | "no_sale"' and '"ending_soon"' have no overlap.
server/websocket/auctions.ts(258,45): error TS2322: Type '"ending_soon"' is not assignable to type '"sold" | "draft" | "cancelled" | "scheduled" | SQL<unknown> | PgColumn<ColumnBaseConfig<ColumnDataType, string>, {}, {}> | "ended" | "live" | "ending" | "no_sale" | undefined'.
