No config path provided, using default 'drizzle.config.ts'
Reading config file 'D:\Maxx-Projects\RVClaims-webapp\RVClaimsca\drizzle.config.ts'
Using 'pg' driver for database querying
[⣷] Pulling schema from database...
[2K[1G[⣯] Pulling schema from database...
[2K[1G[⣟] Pulling schema from database...
[2K[1G[⡿] Pulling schema from database...
[2K[1G[⢿] Pulling schema from database...
[2K[1G[⣻] Pulling schema from database...
[2K[1G[⣽] Pulling schema from database...
[2K[1G[⣷] Pulling schema from database...
[2K[1G[⣯] Pulling schema from database...
[2K[1G[⣟] Pulling schema from database...
[2K[1G[⡿] Pulling schema from database...
[2K[1G[⢿] Pulling schema from database...
[2K[1G[⣻] Pulling schema from database...
[2K[1G[⣽] Pulling schema from database...
[2K[1G[⣷] Pulling schema from database...
[2K[1G[⣯] Pulling schema from database...
[2K[1G[⣟] Pulling schema from database...
[2K[1G[⡿] Pulling schema from database...
[2K[1G[⢿] Pulling schema from database...
[2K[1G[⣻] Pulling schema from database...
[2K[1G[⣽] Pulling schema from database...
[2K[1G[⣷] Pulling schema from database...
[2K[1G[⣯] Pulling schema from database...
[2K[1G[⣟] Pulling schema from database...
[2K[1G[⡿] Pulling schema from database...
[2K[1G[⢿] Pulling schema from database...
[2K[1G[⣻] Pulling schema from database...
[2K[1G[⣽] Pulling schema from database...
[2K[1G[⣷] Pulling schema from database...
[2K[1G[⣯] Pulling schema from database...
[2K[1G[⣟] Pulling schema from database...
[2K[1G[⡿] Pulling schema from database...
[2K[1G[⢿] Pulling schema from database...
[2K[1G[⣻] Pulling schema from database...
[2K[1G[⣽] Pulling schema from database...
[2K[1G[⣷] Pulling schema from database...
[2K[1G[⣯] Pulling schema from database...
[2K[1G[⣟] Pulling schema from database...
[2K[1G[⡿] Pulling schema from database...
[2K[1G[⢿] Pulling schema from database...
[2K[1G[⣻] Pulling schema from database...
[2K[1G[⣽] Pulling schema from database...
[2K[1G[⣷] Pulling schema from database...
[2K[1G[⣯] Pulling schema from database...
[2K[1G[⣟] Pulling schema from database...
[2K[1G[⡿] Pulling schema from database...
[2K[1G[⢿] Pulling schema from database...
[2K[1G[⣻] Pulling schema from database...
[2K[1G[⣽] Pulling schema from database...
[2K[1G[⣷] Pulling schema from database...
[2K[1G[⣯] Pulling schema from database...
[2K[1G[⣟] Pulling schema from database...
[2K[1G[⡿] Pulling schema from database...
[2K[1G[⢿] Pulling schema from database...
[2K[1G[⣻] Pulling schema from database...
[2K[1G[⣽] Pulling schema from database...
[2K[1G[⣷] Pulling schema from database...
[2K[1G[✓] Pulling schema from database...
[✓] Changes applied
